Arguments: 
  C:\Program Files\nodejs\node.exe C:\Program Files\nodejs\node_modules\yarn\bin\yarn.js init

PATH: 
  C:\Program Files\Git\mingw64\bin;C:\Program Files\Git\usr\bin;C:\Users\npame\bin;C:\Python39\Scripts;C:\Python39;C:\Python\Scripts;C:\Python;C:\Program Files (x86)\Common Files\Oracle\Java\javapath;C:\Windows\system32;C:\Windows;C:\Windows\System32\Wbem;C:\Windows\System32\WindowsPowerShell\v1.0;C:\Windows\System32\OpenSSH;C:\Program Files (x86)\NVIDIA Corporation\PhysX\Common;C:\Program Files\PuTTY;C:\WINDOWS\system32;C:\WINDOWS;C:\WINDOWS\System32\Wbem;C:\WINDOWS\System32\WindowsPowerShell\v1.0;C:\WINDOWS\System32\OpenSSH;C:\Program Files\Git LFS;C:\Program Files\NVIDIA Corporation\NVIDIA NvDLISR;C:\Program Files\dotnet;C:\Program Files\Intel\WiFi\bin;C:\Program Files\Common Files\Intel\WirelessCommon;C:\Program Files (x86)\GnuWin32\bin;C:\Program Files\Microsoft SQL Server\130\Tools\Binn;C:\Program Files\Microsoft SQL Server\Client SDK\ODBC\170\Tools\Binn;C:\ProgramData\chocolatey\bin;C:\Program Files\Git\cmd;C:\Users\npame\Desktop\Internship Work\mongosh-1.0.5-win32-x64\bin;C:\WINDOWS\system32;C:\WINDOWS;C:\WINDOWS\System32\Wbem;C:\WINDOWS\System32\WindowsPowerShell\v1.0;C:\WINDOWS\System32\OpenSSH;C:\xampp\php;C:\ProgramData\ComposerSetup\bin;C:\Users\npame\AppData\Roaming\nvm;C:\Program Files\nodejs;C:\Program Files (x86)\Common Files\Oracle\Java\javapath;C:\Windows\system32;C:\Windows;C:\Windows\System32\Wbem;C:\Windows\System32\WindowsPowerShell\v1.0;C:\Windows\System32\OpenSSH;C:\Program Files (x86)\NVIDIA Corporation\PhysX\Common;C:\Program Files\NVIDIA Corporation\NVIDIA NvDLISR;C:\Program Files\Git\cmd;C:\Program Files\PuTTY;C:\Users\npame\AppData\Local\Microsoft\WindowsApps;C:\Users\npame\AppData\Local\Programs\Microsoft VS Code\bin;C:\Python34\Scripts;C:\Users\npame\AppData\Local\Microsoft\WindowsApps;C:\Users\npame\.dotnet\tools;C:\Program Files\Intel\WiFi\bin;C:\Program Files\Common Files\Intel\WirelessCommon;C:\flutter\bin;C:\Users\npame\AppData\Local\Programs\mongosh;C:\Program Files\JetBrains\WebStorm 2021.2\bin;C:\Users\npame\AppData\Roaming\Composer\vendor\bin;C:\Program Files\JetBrains\PhpStorm 2021.2.3\bin;C:\Users\npame\AppData\Roaming\npm;C:\Users\npame\AppData\Roaming\nvm;C:\Program Files\nodejs;C:\Program Files\Git\usr\local\bin

Yarn version: 
  1.22.17

Node version: 
  14.17.5

Platform: 
  win32 x64

Trace: 
  Error: canceled
      at Interface.<anonymous> (C:\Users\npame\AppData\Roaming\nvm\v14.17.5\node_modules\yarn\lib\cli.js:137143:13)
      at Interface.emit (events.js:400:28)
      at Interface._ttyWrite (readline.js:910:16)
      at ReadStream.onkeypress (readline.js:235:10)
      at ReadStream.emit (events.js:400:28)
      at emitKeys (internal/readline/utils.js:358:14)
      at emitKeys.next (<anonymous>)
      at ReadStream.onData (readline.js:1179:36)
      at ReadStream.emit (events.js:400:28)
      at addChunk (internal/streams/readable.js:290:12)

npm manifest: 
  {
    "dependencies": {
      "nodemailer": "^6.7.8"
    }
  }

yarn manifest: 
  No manifest

Lockfile: 
  # THIS IS AN AUTOGENERATED FILE. DO NOT EDIT THIS FILE DIRECTLY.
  # yarn lockfile v1
  
  
  nodemailer@^6.7.8:
    version "6.7.8"
    resolved "https://registry.yarnpkg.com/nodemailer/-/nodemailer-6.7.8.tgz#9f1af9911314960c0b889079e1754e8d9e3f740a"
    integrity sha512-2zaTFGqZixVmTxpJRCFC+Vk5eGRd/fYtvIR+dl5u9QXLTQWGIf48x/JXvo58g9sa0bU6To04XUv554Paykum3g==
